{"/home/nahnah/Documents/MODULE 2/API - Based WebApp/kanban-board-project/src/modules/commentCounter.js": {"path":"/home/nahnah/Documents/MODULE 2/API - Based WebApp/kanban-board-project/src/modules/commentCounter.js","statementMap":{"0":{"start":{"line":1,"column":23},"end":{"line":12,"column":1}},"1":{"start":{"line":2,"column":16},"end":{"line":2,"column":17}},"2":{"start":{"line":4,"column":2},"end":{"line":8,"column":3}},"3":{"start":{"line":5,"column":4},"end":{"line":7,"column":5}},"4":{"start":{"line":5,"column":17},"end":{"line":5,"column":18}},"5":{"start":{"line":6,"column":6},"end":{"line":6,"column":19}},"6":{"start":{"line":9,"column":25},"end":{"line":9,"column":66}},"7":{"start":{"line":10,"column":2},"end":{"line":10,"column":54}},"8":{"start":{"line":11,"column":2},"end":{"line":11,"column":14}}},"fnMap":{"0":{"name":"(anonymous_0)","decl":{"start":{"line":1,"column":23},"end":{"line":1,"column":24}},"loc":{"start":{"line":1,"column":36},"end":{"line":12,"column":1}},"line":1}},"branchMap":{"0":{"loc":{"start":{"line":4,"column":2},"end":{"line":8,"column":3}},"type":"if","locations":[{"start":{"line":4,"column":2},"end":{"line":8,"column":3}},{"start":{},"end":{}}],"line":4}},"s":{"0":1,"1":2,"2":2,"3":2,"4":2,"5":3,"6":2,"7":2,"8":2},"f":{"0":2},"b":{"0":[2,0]},"_coverageSchema":"1a1c01bbd47fc00a2c39e90264f33305004495a9","hash":"46e9a658531dbf1409712d2cd7f0d2c6d523dc79"}
,"/home/nahnah/Documents/MODULE 2/API - Based WebApp/kanban-board-project/src/modules/items-counter.js": {"path":"/home/nahnah/Documents/MODULE 2/API - Based WebApp/kanban-board-project/src/modules/items-counter.js","statementMap":{"0":{"start":{"line":2,"column":22},"end":{"line":5,"column":3}},"1":{"start":{"line":3,"column":19},"end":{"line":3,"column":52}},"2":{"start":{"line":4,"column":4},"end":{"line":4,"column":101}}},"fnMap":{"0":{"name":"(anonymous_0)","decl":{"start":{"line":2,"column":22},"end":{"line":2,"column":23}},"loc":{"start":{"line":2,"column":35},"end":{"line":5,"column":3}},"line":2}},"branchMap":{"0":{"loc":{"start":{"line":4,"column":27},"end":{"line":4,"column":53}},"type":"cond-expr","locations":[{"start":{"line":4,"column":36},"end":{"line":4,"column":49}},{"start":{"line":4,"column":52},"end":{"line":4,"column":53}}],"line":4},"1":{"loc":{"start":{"line":4,"column":58},"end":{"line":4,"column":98}},"type":"cond-expr","locations":[{"start":{"line":4,"column":80},"end":{"line":4,"column":88}},{"start":{"line":4,"column":91},"end":{"line":4,"column":98}}],"line":4}},"s":{"0":1,"1":0,"2":0},"f":{"0":0},"b":{"0":[0,0],"1":[0,0]},"_coverageSchema":"1a1c01bbd47fc00a2c39e90264f33305004495a9","hash":"3dcb708e14a0b98b7dc214cbfdda70894776401d"}
}
